mode: atomic
github.com/animalet/sargantana-go/config/config.go:11.103,19.2 1 5
github.com/animalet/sargantana-go/config/config.go:21.35,23.2 1 5
github.com/animalet/sargantana-go/config/config.go:25.45,27.2 1 5
github.com/animalet/sargantana-go/config/config.go:29.38,31.2 1 5
github.com/animalet/sargantana-go/config/config.go:33.31,35.2 1 5
github.com/animalet/sargantana-go/config/config.go:37.39,39.2 1 5
github.com/animalet/sargantana-go/controller/auth.go:89.41,168.2 3 5
github.com/animalet/sargantana-go/controller/auth.go:170.45,172.2 1 12
github.com/animalet/sargantana-go/controller/auth.go:174.65,176.28 2 2
github.com/animalet/sargantana-go/controller/auth.go:176.28,176.57 1 2
github.com/animalet/sargantana-go/controller/auth.go:179.32,182.23 3 4
github.com/animalet/sargantana-go/controller/auth.go:182.23,185.3 2 2
github.com/animalet/sargantana-go/controller/auth.go:187.2,187.62 1 2
github.com/animalet/sargantana-go/controller/auth.go:187.62,189.44 2 1
github.com/animalet/sargantana-go/controller/auth.go:189.44,195.4 2 0
github.com/animalet/sargantana-go/controller/auth.go:195.9,197.4 1 1
github.com/animalet/sargantana-go/controller/auth.go:198.3,198.9 1 1
github.com/animalet/sargantana-go/controller/auth.go:201.2,201.10 1 1
github.com/animalet/sargantana-go/controller/auth.go:204.96,205.29 1 5
github.com/animalet/sargantana-go/controller/auth.go:205.29,208.40 2 2
github.com/animalet/sargantana-go/controller/auth.go:208.40,210.4 1 2
github.com/animalet/sargantana-go/controller/auth.go:211.3,212.17 2 2
github.com/animalet/sargantana-go/controller/auth.go:212.17,214.4 1 0
github.com/animalet/sargantana-go/controller/auth.go:215.3,215.32 1 2
github.com/animalet/sargantana-go/controller/auth.go:215.32,218.4 2 1
github.com/animalet/sargantana-go/controller/auth.go:219.3,219.71 1 2
github.com/animalet/sargantana-go/controller/auth.go:222.2,226.28 3 5
github.com/animalet/sargantana-go/controller/auth.go:226.28,232.4 4 1
github.com/animalet/sargantana-go/controller/auth.go:236.54,238.4 1 0
github.com/animalet/sargantana-go/controller/auth.go:241.30,243.2 1 1
github.com/animalet/sargantana-go/controller/auth.go:245.56,249.2 3 0
github.com/animalet/sargantana-go/controller/auth.go:251.38,252.75 1 0
github.com/animalet/sargantana-go/controller/auth.go:252.75,254.3 1 0
github.com/animalet/sargantana-go/controller/auth.go:254.8,256.3 1 0
github.com/animalet/sargantana-go/controller/auth.go:259.41,260.75 1 0
github.com/animalet/sargantana-go/controller/auth.go:260.75,262.3 1 0
github.com/animalet/sargantana-go/controller/auth.go:262.8,264.3 1 0
github.com/animalet/sargantana-go/controller/auth.go:267.39,269.16 2 0
github.com/animalet/sargantana-go/controller/auth.go:269.16,271.3 1 0
github.com/animalet/sargantana-go/controller/auth.go:272.2,274.27 3 0
github.com/animalet/sargantana-go/controller/auth.go:277.70,278.39 1 0
github.com/animalet/sargantana-go/controller/auth.go:278.39,280.3 1 0
github.com/animalet/sargantana-go/controller/auth.go:280.8,282.3 1 0
github.com/animalet/sargantana-go/controller/auth.go:285.56,287.22 2 2
github.com/animalet/sargantana-go/controller/auth.go:287.22,289.3 1 1
github.com/animalet/sargantana-go/controller/auth.go:289.8,291.3 1 1
github.com/animalet/sargantana-go/controller/auth.go:292.2,295.3 1 2
github.com/animalet/sargantana-go/controller/load_balancer.go:26.81,27.25 1 15
github.com/animalet/sargantana-go/controller/load_balancer.go:27.25,29.3 1 5
github.com/animalet/sargantana-go/controller/load_balancer.go:29.8,31.38 2 10
github.com/animalet/sargantana-go/controller/load_balancer.go:31.38,33.4 1 15
github.com/animalet/sargantana-go/controller/load_balancer.go:36.2,52.3 5 15
github.com/animalet/sargantana-go/controller/load_balancer.go:55.73,60.76 4 2
github.com/animalet/sargantana-go/controller/load_balancer.go:60.76,62.17 2 2
github.com/animalet/sargantana-go/controller/load_balancer.go:62.17,64.4 1 0
github.com/animalet/sargantana-go/controller/load_balancer.go:65.3,66.13 2 2
github.com/animalet/sargantana-go/controller/load_balancer.go:68.2,68.28 1 2
github.com/animalet/sargantana-go/controller/load_balancer.go:68.28,68.85 1 2
github.com/animalet/sargantana-go/controller/load_balancer.go:71.99,72.27 1 4
github.com/animalet/sargantana-go/controller/load_balancer.go:72.27,75.3 2 2
github.com/animalet/sargantana-go/controller/load_balancer.go:77.2,77.12 1 2
github.com/animalet/sargantana-go/controller/load_balancer.go:77.12,79.3 1 1
github.com/animalet/sargantana-go/controller/load_balancer.go:79.8,81.3 1 1
github.com/animalet/sargantana-go/controller/load_balancer.go:84.38,86.2 1 1
github.com/animalet/sargantana-go/controller/load_balancer.go:88.47,90.15 2 21
github.com/animalet/sargantana-go/controller/load_balancer.go:90.15,93.3 2 21
github.com/animalet/sargantana-go/controller/load_balancer.go:94.2,94.37 1 21
github.com/animalet/sargantana-go/controller/load_balancer.go:99.48,101.39 1 6
github.com/animalet/sargantana-go/controller/load_balancer.go:101.39,104.3 2 1
github.com/animalet/sargantana-go/controller/load_balancer.go:106.2,117.16 4 5
github.com/animalet/sargantana-go/controller/load_balancer.go:117.16,120.3 2 0
github.com/animalet/sargantana-go/controller/load_balancer.go:123.2,123.37 1 5
github.com/animalet/sargantana-go/controller/load_balancer.go:123.37,125.167 1 1
github.com/animalet/sargantana-go/controller/load_balancer.go:125.167,126.12 1 0
github.com/animalet/sargantana-go/controller/load_balancer.go:128.3,128.24 1 1
github.com/animalet/sargantana-go/controller/load_balancer.go:128.24,130.4 1 1
github.com/animalet/sargantana-go/controller/load_balancer.go:133.2,136.16 3 5
github.com/animalet/sargantana-go/controller/load_balancer.go:136.16,139.3 2 0
github.com/animalet/sargantana-go/controller/load_balancer.go:140.2,140.15 1 5
github.com/animalet/sargantana-go/controller/load_balancer.go:140.15,142.17 2 5
github.com/animalet/sargantana-go/controller/load_balancer.go:142.17,144.4 1 0
github.com/animalet/sargantana-go/controller/load_balancer.go:147.2,148.36 2 5
github.com/animalet/sargantana-go/controller/load_balancer.go:148.36,149.41 1 15
github.com/animalet/sargantana-go/controller/load_balancer.go:149.41,150.12 1 0
github.com/animalet/sargantana-go/controller/load_balancer.go:152.3,152.24 1 15
github.com/animalet/sargantana-go/controller/load_balancer.go:152.24,154.4 1 15
github.com/animalet/sargantana-go/controller/load_balancer.go:157.2,157.60 1 5
github.com/animalet/sargantana-go/controller/load_balancer.go:157.60,159.3 1 0
github.com/animalet/sargantana-go/controller/static.go:20.61,28.2 3 11
github.com/animalet/sargantana-go/controller/static.go:30.67,33.28 3 2
github.com/animalet/sargantana-go/controller/static.go:33.28,33.71 1 2
github.com/animalet/sargantana-go/controller/static.go:36.79,38.39 2 5
github.com/animalet/sargantana-go/controller/static.go:38.39,41.3 2 2
github.com/animalet/sargantana-go/controller/static.go:43.2,43.75 1 5
github.com/animalet/sargantana-go/controller/static.go:43.75,46.96 2 2
github.com/animalet/sargantana-go/controller/static.go:46.96,47.18 1 3
github.com/animalet/sargantana-go/controller/static.go:47.18,49.5 1 0
github.com/animalet/sargantana-go/controller/static.go:50.4,50.18 1 3
github.com/animalet/sargantana-go/controller/static.go:50.18,52.5 1 1
github.com/animalet/sargantana-go/controller/static.go:53.4,53.14 1 3
github.com/animalet/sargantana-go/controller/static.go:56.3,56.17 1 2
github.com/animalet/sargantana-go/controller/static.go:56.17,59.4 2 0
github.com/animalet/sargantana-go/controller/static.go:61.3,61.12 1 2
github.com/animalet/sargantana-go/controller/static.go:61.12,63.4 1 1
github.com/animalet/sargantana-go/controller/static.go:63.9,65.4 1 1
github.com/animalet/sargantana-go/controller/static.go:66.8,68.3 1 3
github.com/animalet/sargantana-go/controller/static.go:71.32,73.2 1 1
github.com/animalet/sargantana-go/session/cookie_session.go:11.71,24.2 4 6
github.com/animalet/sargantana-go/session/redis_session.go:13.95,15.16 2 2
github.com/animalet/sargantana-go/session/redis_session.go:15.16,17.3 1 0
github.com/animalet/sargantana-go/session/redis_session.go:19.2,20.16 2 2
github.com/animalet/sargantana-go/session/redis_session.go:20.16,22.3 1 0
github.com/animalet/sargantana-go/session/redis_session.go:24.2,31.14 7 2
github.com/animalet/sargantana-go/database/neo4j.go:18.78,21.16 3 0
github.com/animalet/sargantana-go/database/neo4j.go:21.16,23.3 1 0
github.com/animalet/sargantana-go/database/neo4j.go:25.2,29.15 4 0
github.com/animalet/sargantana-go/database/neo4j.go:29.15,31.17 2 0
github.com/animalet/sargantana-go/database/neo4j.go:31.17,33.4 1 0
github.com/animalet/sargantana-go/database/neo4j.go:36.2,37.16 2 0
github.com/animalet/sargantana-go/database/neo4j.go:37.16,39.3 1 0
github.com/animalet/sargantana-go/database/neo4j.go:41.2,43.22 2 0
github.com/animalet/sargantana-go/database/neo4j.go:43.22,45.17 2 0
github.com/animalet/sargantana-go/database/neo4j.go:45.17,47.4 1 0
github.com/animalet/sargantana-go/database/neo4j.go:50.2,50.26 1 0
github.com/animalet/sargantana-go/database/redis.go:9.47,11.55 1 6
github.com/animalet/sargantana-go/database/redis.go:11.55,12.35 1 3
github.com/animalet/sargantana-go/database/redis.go:12.35,14.5 1 1
github.com/animalet/sargantana-go/database/redis.go:15.4,16.14 2 2
github.com/animalet/sargantana-go/database/redis.go:20.43,20.80 1 2
